<?xml version="1.0" encoding="UTF-8"?>
<testsuite xmlns:xsi="http://www.w3.org/2001/XMLSchema-instance" xsi:noNamespaceSchemaLocation="https://maven.apache.org/surefire/maven-surefire-plugin/xsd/surefire-test-report.xsd" version="3.0.2" name="com.example.nifi.processors.RouteOnJSONMapTest" time="0.182" tests="8" errors="0" skipped="0" failures="0">
  <properties>
[...]
</properties>
  <testcase name="testProblematicJSON" classname="com.example.nifi.processors.RouteOnJSONMapTest" time="0.15"/>
  <testcase name="testInvalidJSON" classname="com.example.nifi.processors.RouteOnJSONMapTest" time="0.002">
    <system-err><![CDATA[[main] WARN com.example.nifi.processors.RouteOnJSONMap - RouteOnJSONMap[id=dee8f6ab-16b2-46ea-888b-05e5d7955dbc] Failed to update relationships on property modification: Unexpected end-of-input within/between Object entries
 at [Source: (String)"{invalid-json"; line: 1, column: 14]
]]></system-err>
  </testcase>
  <testcase name="testLenientSingleQuoteFields" classname="com.example.nifi.processors.RouteOnJSONMapTest" time="0.002"/>
  <testcase name="testRoutingWithJSONFile" classname="com.example.nifi.processors.RouteOnJSONMapTest" time="0.004"/>
  <testcase name="testRoutingMultipleMatches" classname="com.example.nifi.processors.RouteOnJSONMapTest" time="0.001"/>
  <testcase name="testRoutingWithJSONProperty" classname="com.example.nifi.processors.RouteOnJSONMapTest" time="0.002"/>
  <testcase name="testRoutingUnmatched" classname="com.example.nifi.processors.RouteOnJSONMapTest" time="0.002"/>
  <testcase name="testCorrectedJSONWithSingleQuotes" classname="com.example.nifi.processors.RouteOnJSONMapTest" time="0.002"/>
</testsuite>